<?xml version="1.0" encoding="UTF-8"?>
<!-- Generated by org.testng.reporters.JUnitXMLReporter -->
<testsuite hostname="PTL05649" name="MultipleUserLogin" tests="3" failures="0" timestamp="24 Nov 2016 05:45:17 GMT" time="190.402" errors="0">
  <testcase name="multipleLogin" time="19.755" classname="testDDLoginPackage.DataDrivenUserLogin"/>
  <testcase name="multipleLogin" time="24.59" classname="testDDLoginPackage.DataDrivenUserLogin"/>
  <testcase name="multipleLogin" time="17.689" classname="testDDLoginPackage.DataDrivenUserLogin"/>
</testsuite> <!-- MultipleUserLogin -->
