<?xml version="1.0" encoding="UTF-8"?>
<testng-results skipped="0" failed="0" ignored="0" total="2" passed="2">
  <reporter-output>
  </reporter-output>
  <suite name="Default suite" duration-ms="52024" started-at="2017-02-09T17:44:23Z" finished-at="2017-02-09T17:45:15Z">
    <groups>
    </groups>
    <test name="Default test" duration-ms="52024" started-at="2017-02-09T17:44:23Z" finished-at="2017-02-09T17:45:15Z">
      <class name="testDDLoginPackage.DataDrivenUserLogin">
        <test-method status="PASS" signature="beforeMethod()[pri:0, instance:testDDLoginPackage.DataDrivenUserLogin@4f933fd1]" name="beforeMethod" is-config="true" duration-ms="8251" started-at="2017-02-09T12:44:23Z" finished-at="2017-02-09T12:44:32Z">
          <reporter-output>
          </reporter-output>
        </test-method> <!-- beforeMethod -->
        <test-method status="PASS" signature="multipleLogin(java.lang.String, java.lang.String)[pri:0, instance:testDDLoginPackage.DataDrivenUserLogin@4f933fd1]" name="multipleLogin" duration-ms="14879" started-at="2017-02-09T12:44:32Z" data-provider="Authentication" finished-at="2017-02-09T12:44:46Z">
          <params>
            <param index="0">
              <value>
                <![CDATA[rachaelmielitz]]>
              </value>
            </param>
            <param index="1">
              <value>
                <![CDATA[developeraccount123]]>
              </value>
            </param>
          </params>
          <reporter-output>
          </reporter-output>
        </test-method> <!-- multipleLogin -->
        <test-method status="PASS" signature="afterMethod()[pri:0, instance:testDDLoginPackage.DataDrivenUserLogin@4f933fd1]" name="afterMethod" is-config="true" duration-ms="1716" started-at="2017-02-09T12:44:46Z" finished-at="2017-02-09T12:44:48Z">
          <reporter-output>
          </reporter-output>
        </test-method> <!-- afterMethod -->
        <test-method status="PASS" signature="beforeMethod()[pri:0, instance:testDDLoginPackage.DataDrivenUserLogin@4f933fd1]" name="beforeMethod" is-config="true" duration-ms="8757" started-at="2017-02-09T12:44:48Z" finished-at="2017-02-09T12:44:57Z">
          <reporter-output>
          </reporter-output>
        </test-method> <!-- beforeMethod -->
        <test-method status="PASS" signature="multipleLogin(java.lang.String, java.lang.String)[pri:0, instance:testDDLoginPackage.DataDrivenUserLogin@4f933fd1]" name="multipleLogin" duration-ms="15841" started-at="2017-02-09T12:44:57Z" data-provider="Authentication" finished-at="2017-02-09T12:45:13Z">
          <params>
            <param index="0">
              <value>
                <![CDATA[tomedathikunnel]]>
              </value>
            </param>
            <param index="1">
              <value>
                <![CDATA[developeraccount123]]>
              </value>
            </param>
          </params>
          <reporter-output>
          </reporter-output>
        </test-method> <!-- multipleLogin -->
        <test-method status="PASS" signature="afterMethod()[pri:0, instance:testDDLoginPackage.DataDrivenUserLogin@4f933fd1]" name="afterMethod" is-config="true" duration-ms="1854" started-at="2017-02-09T12:45:13Z" finished-at="2017-02-09T12:45:15Z">
          <reporter-output>
          </reporter-output>
        </test-method> <!-- afterMethod -->
      </class> <!-- testDDLoginPackage.DataDrivenUserLogin -->
    </test> <!-- Default test -->
  </suite> <!-- Default suite -->
</testng-results>
